-----BEGIN RSA PRIVATE KEY-----
MIIEowIBAAKCAQEA6vwroZywSaHkcY25aJiDcJGxuxZFc8j2iBloMHwwH5sGiZEK
/cCgjTsclYupVUFKFkk7TkNacdDes0yOJJez5Gb4JjEAJ2lcGGj+YDpC4fS6ZLcU
gDcid3ycVVj5Cyf2KbTL323VWj54mXzF+PX6gq7jNqtBIqgVtGuOKww/nOoB4HdG
NAVFGU8pnQGa3fXTzs/udZJRUXplv4znyF4UYattvYy2mIwWLEOztS+UGQUxNI1Y
/e9mV+WxRdUdX6N+OlCG0/EOMuAPtfHk1ahVs6e/G/ZH8U2/RLlxoKQLFwOrQ8cD
UGu7iNFCfJWe9X5tkLHTQCH/7cBexyoWETRm+wIDAQABAoIBAAxaJxz+tJGaTfze
G1HxOm+PaQ1RlWMJvFPZKg3qaUkwB/7xPeeq2YWzBsShq8wMe42CWfi6N6Xl+d7o
9kvcIZuvAfpX9w8bTbkGw+BhD6T7DVU//nbi7w/i4ADohWbdueXlWBYtmtp8kDBZ
S7rTi1CVSuJTzD+7IDD0umtu4GUqGhfgWWy0nfIYPzSZ1hkZsqSnxi7pHqc3HJSS
IBHDdDmtHRMBjmpmHUxh5pKW2IldIm5ZMzQ1xGfTfDVJJwQKtm6ga9bfzjaDC5ua
+ML9XWZ3U9pOR/yGCVRwDbwg4856BrBS5LtZVEQY82sEgs+0nasqhX2siJMnHDf8
9yZSZ9ECgYEA87isC71ryAD9LWdQSB44HlueiUnW4x7s9OYIBaqym5U3py//Sd9z
eMqERJQ/Uol0XhV6zKJiTlygBxvIsyNgopdUBmf+GCgp0E7T05P5Gb/0pF2a8C7Q
aAJYIiA/7V6595bf7oKP3qWuH/aBod8O6WY7HUeIQ+yl66/Ry+ZndMkCgYEA9tLS
7y689fIJNnsFdxdxVihUx27P5fYUxo2reinkZQW4dQZ7tRrZeSfYVNxRl/fsF+Wo
ZEYT2OwL7D5O+ZDrzhZAwioi4oyDaQrt4wnLJV/EeC3jFihxKjEcj3grpRYnlLx2
8UQCFkwyQYN7hBgJ5+gqH0EzPdklyp8rxHYJM6MCgYEA62y19FkzZe1eop8rs55N
QzXpPGCxTI8xAZe6pA6xnQxUyBDbHzbTyhiGD+DMEiRo3gENr+Ij5+IdSwCRrEk+
LZDUP6PwlNEnIusiPzyu4SrFXIh3BA+UjQPGsqBIYDiilwGMqk5APyf3vTRXIE/h
jZ+M9smEXWiZFcOuerHDudECgYAk9RpacAAhP3V7r934oAz7XpybJA+DGl6wAER9
zUoCimG9PBRH4NZRWtL8meSpwZibV2roYMnWADokzIucuMNmH1Tg/dgtXebLUrSd
+zhsxzMu34gSKEoRjDr/jHnUhUW18qZIp+s8FXqs7pgPBl5tWAj+lw+qIhqThVPT
Xe0wywKBgCRL6Lc7uwligpeOJwWLkO2LV9xQi1kHfEfWJk94s06RGrWU1onpkrGm
izKzLv5wg/adGJm6Lm5i0C/WhcahyvMt3lBD6JLIgbzuE/5xIc65QZ3UD8vtyhc8
6EQxRMFQlI0z6hYprRH97vz7IWhEQ57Y9jlOHGd9dGP8/KJ58Jh0
-----END RSA PRIVATE KEY-----
